<?xml version="1.0" encoding="UTF-8" standalone="yes"?>
<ns2:test-suite start="1591686489689" stop="1591686728232" version="1.4.23" xmlns:ns2="urn:model.allure.qatools.yandex.ru">
    <name>Smoke Testing suite : Nurture Smoke Testing suite</name>
    <title>Smoke Testing suite : Nurture Smoke Testing suite</title>
    <test-cases>
        <test-case start="1591686530853" stop="1591686542204" status="passed">
            <name>verifyNurtureLoginPage</name>
            <steps/>
            <attachments/>
            <labels>
                <label name="host" value="codecraft-pc"/>
                <label name="thread" value="9356@codecraft-pc.main(1)"/>
            </labels>
        </test-case>
        <test-case start="1591686556220" stop="1591686583992" status="passed">
            <name>verifyCreateStudyCoordinatorPage</name>
            <steps/>
            <attachments/>
            <labels>
                <label name="host" value="codecraft-pc"/>
                <label name="thread" value="9356@codecraft-pc.main(1)"/>
            </labels>
        </test-case>
        <test-case start="1591686595497" stop="1591686607198" status="passed">
            <name>verifyDoctorsTab</name>
            <steps/>
            <attachments/>
            <labels>
                <label name="host" value="codecraft-pc"/>
                <label name="thread" value="9356@codecraft-pc.main(1)"/>
            </labels>
        </test-case>
        <test-case start="1591686619191" stop="1591686634316" status="passed">
            <name>verifyDietitianTab</name>
            <steps/>
            <attachments/>
            <labels>
                <label name="host" value="codecraft-pc"/>
                <label name="thread" value="9356@codecraft-pc.main(1)"/>
            </labels>
        </test-case>
        <test-case start="1591686646652" stop="1591686661683" status="passed">
            <name>verifyStudyCoordinatorTab</name>
            <steps/>
            <attachments/>
            <labels>
                <label name="host" value="codecraft-pc"/>
                <label name="thread" value="9356@codecraft-pc.main(1)"/>
            </labels>
        </test-case>
        <test-case start="1591686671133" stop="1591686686145" status="passed">
            <name>verifyAllProvidersTab</name>
            <steps/>
            <attachments/>
            <labels>
                <label name="host" value="codecraft-pc"/>
                <label name="thread" value="9356@codecraft-pc.main(1)"/>
            </labels>
        </test-case>
        <test-case start="1591686696488" stop="1591686728091" status="broken">
            <name>verifyFilterOperation</name>
            <failure>
                <message>NoSuchElementException: no such element: Unable to locate element: {"method":"xpath","selector":"//html[1]/body[1]/div[1]/div[1]/div[2]/div[1]/div[2]/div[1]/div[1]/div[2]/div[1]/div[1]/div[1]/div[1]/div[1]/div[2]/div[2]/div[1]/div[1]/table[1]/tbody[1]/tr[1]/td[5]/div[1]

"}
  (Session info: chrome=83.0.4103.61)
For documentation on this error, please visit: http://seleniumhq.org/exceptions/no_such_element.html
Build info: version: '3.13.0', revision: '2f0d292', time: '2018-06-25T15:24:21.231Z'
System info: host: 'CODECRAFT-PC', ip: '192.168.1.101', os.name: 'Windows 10', os.arch: 'amd64', os.version: '10.0', java.version: '1.8.0_77'
Driver info: org.openqa.selenium.remote.RemoteWebDriver
Capabilities {acceptInsecureCerts: false, browserName: chrome, browserVersion: 83.0.4103.61, chrome: {chromedriverVersion: 83.0.4103.39 (ccbf011cb2d2b..., userDataDir: C:\Users\asmit\AppData\Loca...}, goog:chromeOptions: {debuggerAddress: localhost:51692}, javascriptEnabled: true, networkConnectionEnabled: false, pageLoadStrategy: normal, platform: WINDOWS, platformName: WINDOWS, proxy: Proxy(), setWindowRect: true, strictFileInteractability: false, timeouts: {implicit: 0, pageLoad: 300000, script: 30000}, unhandledPromptBehavior: ignore, webauthn:virtualAuthenticators: true, webdriver.remote.sessionid: 0fdbc5d1ac2bb703a19a12a1f22...}
Session ID: 0fdbc5d1ac2bb703a19a12a1f226b94b
*** Element info: {Using=xpath, value=//html[1]/body[1]/div[1]/div[1]/div[2]/div[1]/div[2]/div[1]/div[1]/div[2]/div[1]/div[1]/div[1]/div[1]/div[1]/div[2]/div[2]/div[1]/div[1]/table[1]/tbody[1]/tr[1]/td[5]/div[1]

}</message>
                <stack-trace>org.openqa.selenium.NoSuchElementException: no such element: Unable to locate element: {"method":"xpath","selector":"//html[1]/body[1]/div[1]/div[1]/div[2]/div[1]/div[2]/div[1]/div[1]/div[2]/div[1]/div[1]/div[1]/div[1]/div[1]/div[2]/div[2]/div[1]/div[1]/table[1]/tbody[1]/tr[1]/td[5]/div[1]

"}
  (Session info: chrome=83.0.4103.61)
For documentation on this error, please visit: http://seleniumhq.org/exceptions/no_such_element.html
Build info: version: '3.13.0', revision: '2f0d292', time: '2018-06-25T15:24:21.231Z'
System info: host: 'CODECRAFT-PC', ip: '192.168.1.101', os.name: 'Windows 10', os.arch: 'amd64', os.version: '10.0', java.version: '1.8.0_77'
Driver info: org.openqa.selenium.remote.RemoteWebDriver
Capabilities {acceptInsecureCerts: false, browserName: chrome, browserVersion: 83.0.4103.61, chrome: {chromedriverVersion: 83.0.4103.39 (ccbf011cb2d2b..., userDataDir: C:\Users\asmit\AppData\Loca...}, goog:chromeOptions: {debuggerAddress: localhost:51692}, javascriptEnabled: true, networkConnectionEnabled: false, pageLoadStrategy: normal, platform: WINDOWS, platformName: WINDOWS, proxy: Proxy(), setWindowRect: true, strictFileInteractability: false, timeouts: {implicit: 0, pageLoad: 300000, script: 30000}, unhandledPromptBehavior: ignore, webauthn:virtualAuthenticators: true, webdriver.remote.sessionid: 0fdbc5d1ac2bb703a19a12a1f22...}
Session ID: 0fdbc5d1ac2bb703a19a12a1f226b94b
*** Element info: {Using=xpath, value=//html[1]/body[1]/div[1]/div[1]/div[2]/div[1]/div[2]/div[1]/div[1]/div[2]/div[1]/div[1]/div[1]/div[1]/div[1]/div[2]/div[2]/div[1]/div[1]/table[1]/tbody[1]/tr[1]/td[5]/div[1]

}
	at sun.reflect.NativeConstructorAccessorImpl.newInstance0(Native Method)
	at sun.reflect.NativeConstructorAccessorImpl.newInstance(NativeConstructorAccessorImpl.java:62)
	at sun.reflect.DelegatingConstructorAccessorImpl.newInstance(DelegatingConstructorAccessorImpl.java:45)
	at java.lang.reflect.Constructor.newInstance(Constructor.java:423)
	at org.openqa.selenium.remote.http.W3CHttpResponseCodec.createException(W3CHttpResponseCodec.java:187)
	at org.openqa.selenium.remote.http.W3CHttpResponseCodec.decode(W3CHttpResponseCodec.java:122)
	at org.openqa.selenium.remote.http.W3CHttpResponseCodec.decode(W3CHttpResponseCodec.java:49)
	at org.openqa.selenium.remote.HttpCommandExecutor.execute(HttpCommandExecutor.java:158)
	at org.openqa.selenium.remote.RemoteWebDriver.execute(RemoteWebDriver.java:548)
	at org.openqa.selenium.remote.RemoteWebDriver.findElement(RemoteWebDriver.java:322)
	at org.openqa.selenium.remote.RemoteWebDriver.findElementByXPath(RemoteWebDriver.java:424)
	at org.openqa.selenium.By$ByXPath.findElement(By.java:353)
	at org.openqa.selenium.remote.RemoteWebDriver.findElement(RemoteWebDriver.java:314)
	at org.openqa.selenium.support.pagefactory.DefaultElementLocator.findElement(DefaultElementLocator.java:69)
	at org.openqa.selenium.support.pagefactory.internal.LocatingElementHandler.invoke(LocatingElementHandler.java:38)
	at com.sun.proxy.$Proxy9.isDisplayed(Unknown Source)
	at com.pers_aip.Nurture.Providers_Page.Providers_Page.matchFilterLocation(Providers_Page.java:126)
	at com.pers_aip.Nurture.ProvidersPageTest.ProvidersPageTest.verifyFilterOperation(ProvidersPageTest.java:38)
	at sun.reflect.NativeMethodAccessorImpl.invoke0(Native Method)
	at sun.reflect.NativeMethodAccessorImpl.invoke(NativeMethodAccessorImpl.java:62)
	at sun.reflect.DelegatingMethodAccessorImpl.invoke(DelegatingMethodAccessorImpl.java:43)
	at java.lang.reflect.Method.invoke(Method.java:498)
	at org.testng.internal.MethodInvocationHelper.invokeMethod(MethodInvocationHelper.java:84)
	at org.testng.internal.MethodInvocationHelper$1.runTestMethod(MethodInvocationHelper.java:200)
	at com.pers_aip.TestBase.run(TestBase.java:69)
	at sun.reflect.NativeMethodAccessorImpl.invoke0(Native Method)
	at sun.reflect.NativeMethodAccessorImpl.invoke(NativeMethodAccessorImpl.java:62)
	at sun.reflect.DelegatingMethodAccessorImpl.invoke(DelegatingMethodAccessorImpl.java:43)
	at java.lang.reflect.Method.invoke(Method.java:498)
	at org.testng.internal.MethodInvocationHelper.invokeHookable(MethodInvocationHelper.java:212)
	at org.testng.internal.Invoker.invokeMethod(Invoker.java:707)
	at org.testng.internal.Invoker.invokeTestMethod(Invoker.java:901)
	at org.testng.internal.Invoker.invokeTestMethods(Invoker.java:1231)
	at org.testng.internal.TestMethodWorker.invokeTestMethods(TestMethodWorker.java:127)
	at org.testng.internal.TestMethodWorker.run(TestMethodWorker.java:111)
	at org.testng.TestRunner.privateRun(TestRunner.java:767)
	at org.testng.TestRunner.run(TestRunner.java:617)
	at org.testng.SuiteRunner.runTest(SuiteRunner.java:334)
	at org.testng.SuiteRunner.runSequentially(SuiteRunner.java:329)
	at org.testng.SuiteRunner.privateRun(SuiteRunner.java:291)
	at org.testng.SuiteRunner.run(SuiteRunner.java:240)
	at org.testng.SuiteRunnerWorker.runSuite(SuiteRunnerWorker.java:52)
	at org.testng.SuiteRunnerWorker.run(SuiteRunnerWorker.java:86)
	at org.testng.TestNG.runSuitesSequentially(TestNG.java:1224)
	at org.testng.TestNG.runSuitesLocally(TestNG.java:1149)
	at org.testng.TestNG.run(TestNG.java:1057)
	at org.testng.IDEARemoteTestNG.run(IDEARemoteTestNG.java:72)
	at org.testng.RemoteTestNGStarter.main(RemoteTestNGStarter.java:123)
</stack-trace>
            </failure>
            <steps/>
            <attachments>
                <attachment title="Failure in method verifyFilterOperation" source="da2ec3c4-cde4-4d57-bea0-460a82e7d959-attachment.png" type="image/png"/>
            </attachments>
            <labels>
                <label name="host" value="codecraft-pc"/>
                <label name="thread" value="9356@codecraft-pc.main(1)"/>
            </labels>
        </test-case>
    </test-cases>
    <labels>
        <label name="framework" value="TestNG"/>
        <label name="language" value="JAVA"/>
    </labels>
</ns2:test-suite>
