<?xml version="1.0" encoding="UTF-8" standalone="yes"?>
<ns2:test-suite start="1591778264350" stop="1591778562946" version="1.4.23" xmlns:ns2="urn:model.allure.qatools.yandex.ru">
    <name>Smoke Testing suite : Nurture Smoke Testing suite</name>
    <title>Smoke Testing suite : Nurture Smoke Testing suite</title>
    <test-cases>
        <test-case start="1591778293399" stop="1591778309588" status="passed">
            <name>verifyDietitianTab</name>
            <steps/>
            <attachments/>
            <labels>
                <label name="host" value="codecraft-pc"/>
                <label name="thread" value="18216@codecraft-pc.main(1)"/>
            </labels>
        </test-case>
        <test-case start="1591778309689" stop="1591778311866" status="passed">
            <name>verifyStudyCoordinatorTab</name>
            <steps/>
            <attachments/>
            <labels>
                <label name="host" value="codecraft-pc"/>
                <label name="thread" value="18216@codecraft-pc.main(1)"/>
            </labels>
        </test-case>
        <test-case start="1591778311869" stop="1591778314029" status="passed">
            <name>verifyAllProvidersTab</name>
            <steps/>
            <attachments/>
            <labels>
                <label name="host" value="codecraft-pc"/>
                <label name="thread" value="18216@codecraft-pc.main(1)"/>
            </labels>
        </test-case>
        <test-case start="1591778314031" stop="1591778335459" status="passed">
            <name>verifyAllProvidersFilterOperation</name>
            <steps/>
            <attachments/>
            <labels>
                <label name="host" value="codecraft-pc"/>
                <label name="thread" value="18216@codecraft-pc.main(1)"/>
            </labels>
        </test-case>
        <test-case start="1591778335461" stop="1591778375960" status="passed">
            <name>verifyAllProvidersSearchOperation</name>
            <steps/>
            <attachments/>
            <labels>
                <label name="host" value="codecraft-pc"/>
                <label name="thread" value="18216@codecraft-pc.main(1)"/>
            </labels>
        </test-case>
        <test-case start="1591778375962" stop="1591778397426" status="passed">
            <name>verifyAllProvidersDeleteOperation</name>
            <steps/>
            <attachments/>
            <labels>
                <label name="host" value="codecraft-pc"/>
                <label name="thread" value="18216@codecraft-pc.main(1)"/>
            </labels>
        </test-case>
        <test-case start="1591778397428" stop="1591778419017" status="failed">
            <name>verifyAllProvidersCancelDeleteOperation</name>
            <failure>
                <message>AssertionError: expected [6bfc] but found [6c0e]</message>
                <stack-trace>java.lang.AssertionError: expected [6bfc] but found [6c0e]
	at org.testng.Assert.fail(Assert.java:94)
	at org.testng.Assert.failNotEquals(Assert.java:494)
	at org.testng.Assert.assertEquals(Assert.java:123)
	at org.testng.Assert.assertEquals(Assert.java:176)
	at org.testng.Assert.assertEquals(Assert.java:186)
	at com.pers_aip.Nurture.ProvidersPageTest.ProvidersPageTest.verifyAllProvidersCancelDeleteOperation(ProvidersPageTest.java:83)
	at sun.reflect.NativeMethodAccessorImpl.invoke0(Native Method)
	at sun.reflect.NativeMethodAccessorImpl.invoke(NativeMethodAccessorImpl.java:62)
	at sun.reflect.DelegatingMethodAccessorImpl.invoke(DelegatingMethodAccessorImpl.java:43)
	at java.lang.reflect.Method.invoke(Method.java:498)
	at org.testng.internal.MethodInvocationHelper.invokeMethod(MethodInvocationHelper.java:84)
	at org.testng.internal.MethodInvocationHelper$1.runTestMethod(MethodInvocationHelper.java:200)
	at com.pers_aip.TestBase.run(TestBase.java:71)
	at sun.reflect.NativeMethodAccessorImpl.invoke0(Native Method)
	at sun.reflect.NativeMethodAccessorImpl.invoke(NativeMethodAccessorImpl.java:62)
	at sun.reflect.DelegatingMethodAccessorImpl.invoke(DelegatingMethodAccessorImpl.java:43)
	at java.lang.reflect.Method.invoke(Method.java:498)
	at org.testng.internal.MethodInvocationHelper.invokeHookable(MethodInvocationHelper.java:212)
	at org.testng.internal.Invoker.invokeMethod(Invoker.java:707)
	at org.testng.internal.Invoker.invokeTestMethod(Invoker.java:901)
	at org.testng.internal.Invoker.invokeTestMethods(Invoker.java:1231)
	at org.testng.internal.TestMethodWorker.invokeTestMethods(TestMethodWorker.java:127)
	at org.testng.internal.TestMethodWorker.run(TestMethodWorker.java:111)
	at org.testng.TestRunner.privateRun(TestRunner.java:767)
	at org.testng.TestRunner.run(TestRunner.java:617)
	at org.testng.SuiteRunner.runTest(SuiteRunner.java:334)
	at org.testng.SuiteRunner.runSequentially(SuiteRunner.java:329)
	at org.testng.SuiteRunner.privateRun(SuiteRunner.java:291)
	at org.testng.SuiteRunner.run(SuiteRunner.java:240)
	at org.testng.SuiteRunnerWorker.runSuite(SuiteRunnerWorker.java:52)
	at org.testng.SuiteRunnerWorker.run(SuiteRunnerWorker.java:86)
	at org.testng.TestNG.runSuitesSequentially(TestNG.java:1224)
	at org.testng.TestNG.runSuitesLocally(TestNG.java:1149)
	at org.testng.TestNG.run(TestNG.java:1057)
	at org.testng.IDEARemoteTestNG.run(IDEARemoteTestNG.java:72)
	at org.testng.RemoteTestNGStarter.main(RemoteTestNGStarter.java:123)
</stack-trace>
            </failure>
            <steps/>
            <attachments/>
            <labels>
                <label name="host" value="codecraft-pc"/>
                <label name="thread" value="18216@codecraft-pc.main(1)"/>
            </labels>
        </test-case>
        <test-case start="1591778419018" stop="1591778440579" status="passed">
            <name>verifyDoctorsCancelDeleteOperation</name>
            <steps/>
            <attachments/>
            <labels>
                <label name="host" value="codecraft-pc"/>
                <label name="thread" value="18216@codecraft-pc.main(1)"/>
            </labels>
        </test-case>
        <test-case start="1591778440581" stop="1591778462107" status="passed">
            <name>verifyStudyCoordinatorDeleteOperation</name>
            <steps/>
            <attachments/>
            <labels>
                <label name="host" value="codecraft-pc"/>
                <label name="thread" value="18216@codecraft-pc.main(1)"/>
            </labels>
        </test-case>
        <test-case start="1591778462110" stop="1591778483927" status="passed">
            <name>verifyDoctorsDeleteOperation</name>
            <steps/>
            <attachments/>
            <labels>
                <label name="host" value="codecraft-pc"/>
                <label name="thread" value="18216@codecraft-pc.main(1)"/>
            </labels>
        </test-case>
        <test-case start="1591778483929" stop="1591778505818" status="passed">
            <name>verifyDietitianCancelDeleteOperation</name>
            <steps/>
            <attachments/>
            <labels>
                <label name="host" value="codecraft-pc"/>
                <label name="thread" value="18216@codecraft-pc.main(1)"/>
            </labels>
        </test-case>
        <test-case start="1591778505820" stop="1591778541164" status="passed">
            <name>verifyDietitianDeleteOperation</name>
            <steps/>
            <attachments/>
            <labels>
                <label name="host" value="codecraft-pc"/>
                <label name="thread" value="18216@codecraft-pc.main(1)"/>
            </labels>
        </test-case>
        <test-case start="1591778541166" stop="1591778562769" status="passed">
            <name>verifyStudyCoordinatorCancelDeleteOperation</name>
            <steps/>
            <attachments/>
            <labels>
                <label name="host" value="codecraft-pc"/>
                <label name="thread" value="18216@codecraft-pc.main(1)"/>
            </labels>
        </test-case>
    </test-cases>
    <labels>
        <label name="framework" value="TestNG"/>
        <label name="language" value="JAVA"/>
    </labels>
</ns2:test-suite>
